{
  "RSpec": {
    "coverage": {
      "/Users/ani/RubymineProjects/Algorithms/lib/Algorithm/largest_integer.rb": [
        null,
        1,
        null,
        1,
        0,
        null,
        0,
        null,
        0,
        0,
        null,
        null,
        null,
        null,
        null,
        0,
        null,
        null
      ],
      "/Users/ani/RubymineProjects/Algorithms/lib/Algorithm/1_1_26_sorting_three_numbers.rb": [
        null,
        1,
        1,
        0,
        null,
        0,
        0,
        0,
        0,
        null,
        null,
        0,
        0,
        0,
        0,
        null,
        null,
        0,
        0,
        0,
        0,
        null,
        null,
        0,
        null,
        null
      ],
      "/Users/ani/RubymineProjects/Algorithms/features/binary_search_spec.rb": [
        null,
        null,
        null,
        null,
        null,
        null,
        null,
        null,
        null,
        null,
        null,
        null,
        null,
        null,
        null,
        null,
        null,
        null,
        null,
        null,
        null,
        null,
        null,
        null,
        null,
        null,
        null,
        null,
        null,
        null,
        null,
        null,
        null,
        null,
        null,
        null,
        null,
        null,
        null,
        null,
        null,
        null,
        null,
        null,
        null,
        null,
        null,
        null
      ],
      "/Users/ani/RubymineProjects/Algorithms/features/greeter_spec.rb": [
        1,
        null,
        null,
        0,
        0,
        0,
        null,
        null,
        null,
        null,
        null,
        0,
        null,
        0,
        null,
        0,
        0,
        0,
        null,
        null,
        null
      ]
    },
    "timestamp": 1395627904
  }
}
