{
  "RSpec": {
    "coverage": {
      "/Users/ani/RubymineProjects/Algorithms/lib/Algorithm/largest_integer.rb": [
        null,
        1,
        null,
        1,
        3,
        null,
        3,
        null,
        18,
        12,
        null,
        null,
        null,
        null,
        null,
        3,
        null,
        null
      ],
      "/Users/ani/RubymineProjects/Algorithms/lib/Algorithm/1_1_26_sorting_three_numbers.rb": [
        null,
        1,
        1,
        3,
        null,
        3,
        1,
        1,
        1,
        null,
        null,
        3,
        1,
        1,
        1,
        null,
        null,
        3,
        1,
        1,
        1,
        null,
        null,
        3,
        null,
        null
      ],
      "/Users/ani/RubymineProjects/Algorithms/features/1_1_26_sorting_three_numbers_spec.rb": [
        1,
        null,
        1,
        null,
        1,
        null,
        1,
        null,
        1,
        null,
        1,
        null,
        null,
        null,
        1,
        null,
        1,
        null,
        1,
        null,
        1,
        null,
        null,
        null,
        null,
        null,
        null,
        1,
        null,
        1,
        null,
        1,
        null,
        1,
        null,
        null,
        null,
        null,
        null,
        null,
        null
      ],
      "/Users/ani/RubymineProjects/Algorithms/features/largest_integer_spec.rb": [
        1,
        null,
        1,
        3,
        3,
        null,
        null,
        1,
        null,
        1,
        1,
        null,
        1,
        1,
        null,
        null,
        null,
        1,
        1,
        null,
        1,
        1,
        null,
        null,
        null,
        1,
        1,
        null,
        1,
        1,
        null,
        null,
        null,
        null
      ]
    },
    "timestamp": 1397180511
  }
}
